#-----------------------------------------------------------
# Vivado v2018.2 (64-bit)
# SW Build 2258646 on Thu Jun 14 20:03:12 MDT 2018
# IP Build 2256618 on Thu Jun 14 22:10:49 MDT 2018
# Start of session at: Wed Feb  7 09:33:40 2024
# Process ID: 16336
# Current directory: C:/Users/Alexander.Sick/Vivado/ece281-lab1
# Command line: vivado.exe -gui_launcher_event rodinguilauncherevent23952 C:\Users\Alexander.Sick\Vivado\ece281-lab1\thirtyoneday.xpr
# Log file: C:/Users/Alexander.Sick/Vivado/ece281-lab1/vivado.log
# Journal file: C:/Users/Alexander.Sick/Vivado/ece281-lab1\vivado.jou
#-----------------------------------------------------------
start_gui
open_project C:/Users/Alexander.Sick/Vivado/ece281-lab1/thirtyoneday.xpr
INFO: [Project 1-313] Project file moved from './ece281-lab1' since last save.
Scanning sources...
Finished scanning sources
WARNING: [filemgmt 56-2] IPUserFilesDir: Could not find the directory 'C:/Users/Alexander.Sick/Vivado/ece281-lab1/thirtyoneday.ip_user_files', nor could it be found using path 'C:/Users/Alexander.Sick/Vivado/ece281-lab1/ece281-lab1/thirtyoneday.ip_user_files'.
INFO: [IP_Flow 19-234] Refreshing IP repositories
INFO: [IP_Flow 19-1704] No user IP repositories specified
INFO: [IP_Flow 19-2313] Loaded Vivado IP repository 'C:/Xilinx/Vivado/2018.2/data/ip'.
update_compile_order -fileset sources_1
launch_simulation
INFO: [Vivado 12-5682] Launching behavioral simulation in 'C:/Users/Alexander.Sick/Vivado/ece281-lab1/thirtyoneday.sim/sim_1/behav/xsim'
INFO: [SIM-utils-51] Simulation object is 'sim_1'
INFO: [SIM-utils-54] Inspecting design source files for 'thirtyOneDayMonth_tb' in fileset 'sim_1'...
INFO: [USF-XSim-97] Finding global include files...
INFO: [USF-XSim-98] Fetching design files from 'sim_1'...
INFO: [USF-XSim-2] XSim::Compile design
INFO: [USF-XSim-61] Executing 'COMPILE and ANALYZE' step in 'C:/Users/Alexander.Sick/Vivado/ece281-lab1/thirtyoneday.sim/sim_1/behav/xsim'
"xvhdl --incr --relax -prj thirtyOneDayMonth_tb_vhdl.prj"
INFO: [VRFC 10-163] Analyzing VHDL file "C:/Users/Alexander.Sick/Vivado/ece281-lab1/src/hdl/thirtyOneDayMonth.vhd" into library xil_defaultlib
INFO: [VRFC 10-307] analyzing entity thirtyOneDayMonth
INFO: [VRFC 10-163] Analyzing VHDL file "C:/Users/Alexander.Sick/Vivado/ece281-lab1/src/hdl/thirtyOneDayMonth_tb.vhd" into library xil_defaultlib
INFO: [VRFC 10-307] analyzing entity thirtyOneDayMonth_tb
INFO: [USF-XSim-69] 'compile' step finished in '2' seconds
INFO: [USF-XSim-3] XSim::Elaborate design
INFO: [USF-XSim-61] Executing 'ELABORATE' step in 'C:/Users/Alexander.Sick/Vivado/ece281-lab1/thirtyoneday.sim/sim_1/behav/xsim'
Vivado Simulator 2018.2
Copyright 1986-1999, 2001-2018 Xilinx, Inc. All Rights Reserved.
Running: C:/Xilinx/Vivado/2018.2/bin/unwrapped/win64.o/xelab.exe -wto 18e549aa9d8242a2ab04ddd235a414bc --incr --debug typical --relax --mt 2 -L xil_defaultlib -L secureip --snapshot thirtyOneDayMonth_tb_behav xil_defaultlib.thirtyOneDayMonth_tb -log elaborate.log 
Using 2 slave threads.
Starting static elaboration
Completed static elaboration
Starting simulation data flow analysis
Completed simulation data flow analysis
Time Resolution for simulation is 1ps
Compiling package std.standard
Compiling package std.textio
Compiling package ieee.std_logic_1164
Compiling package ieee.numeric_std
Compiling architecture thirtyonedaymonth_arch of entity xil_defaultlib.thirtyOneDayMonth [thirtyonedaymonth_default]
Compiling architecture test_bench of entity xil_defaultlib.thirtyonedaymonth_tb
Built simulation snapshot thirtyOneDayMonth_tb_behav

****** Webtalk v2018.2 (64-bit)
  **** SW Build 2258646 on Thu Jun 14 20:03:12 MDT 2018
  **** IP Build 2256618 on Thu Jun 14 22:10:49 MDT 2018
    ** Copyright 1986-2018 Xilinx, Inc. All Rights Reserved.

source C:/Users/Alexander.Sick/Vivado/ece281-lab1/thirtyoneday.sim/sim_1/behav/xsim/xsim.dir/thirtyOneDayMonth_tb_behav/webtalk/xsim_webtalk.tcl -notrace
INFO: [Common 17-206] Exiting Webtalk at Wed Feb  7 13:29:42 2024...
run_program: Time (s): cpu = 00:00:00 ; elapsed = 00:00:07 . Memory (MB): peak = 842.699 ; gain = 0.000
INFO: [USF-XSim-69] 'elaborate' step finished in '7' seconds
INFO: [USF-XSim-4] XSim::Simulate design
INFO: [USF-XSim-61] Executing 'SIMULATE' step in 'C:/Users/Alexander.Sick/Vivado/ece281-lab1/thirtyoneday.sim/sim_1/behav/xsim'
INFO: [USF-XSim-98] *** Running xsim
   with args "thirtyOneDayMonth_tb_behav -key {Behavioral:sim_1:Functional:thirtyOneDayMonth_tb} -tclbatch {thirtyOneDayMonth_tb.tcl} -log {simulate.log}"
INFO: [USF-XSim-8] Loading simulator feature
Vivado Simulator 2018.2
Time resolution is 1 ps
source thirtyOneDayMonth_tb.tcl
# set curr_wave [current_wave_config]
# if { [string length $curr_wave] == 0 } {
#   if { [llength [get_objects]] > 0} {
#     add_wave /
#     set_property needs_save false [current_wave_config]
#   } else {
#      send_msg_id Add_Wave-1 WARNING "No top level signals found. Simulator will start without a wave window. If you want to open a wave window go to 'File->New Waveform Configuration' or type 'create_wave_config' in the TCL console."
#   }
# }
# run 1000ns
Failure: error on Jan
Time: 20 ns  Iteration: 0  Process: /thirtyOneDayMonth_tb/test_process  File: C:/Users/Alexander.Sick/Vivado/ece281-lab1/src/hdl/thirtyOneDayMonth_tb.vhd
$finish called at time : 20 ns : File "C:/Users/Alexander.Sick/Vivado/ece281-lab1/src/hdl/thirtyOneDayMonth_tb.vhd" Line 96
INFO: [USF-XSim-96] XSim completed. Design snapshot 'thirtyOneDayMonth_tb_behav' loaded.
INFO: [USF-XSim-97] XSim simulation ran for 1000ns
launch_simulation: Time (s): cpu = 00:00:01 ; elapsed = 00:00:11 . Memory (MB): peak = 849.816 ; gain = 7.117
add_bp {C:/Users/Alexander.Sick/Vivado/ece281-lab1/src/hdl/thirtyOneDayMonth_tb.vhd} 94
add_bp {C:/Users/Alexander.Sick/Vivado/ece281-lab1/src/hdl/thirtyOneDayMonth_tb.vhd} 95
close_sim
INFO: [Simtcl 6-16] Simulation closed
launch_simulation
INFO: [Vivado 12-5682] Launching behavioral simulation in 'C:/Users/Alexander.Sick/Vivado/ece281-lab1/thirtyoneday.sim/sim_1/behav/xsim'
INFO: [SIM-utils-51] Simulation object is 'sim_1'
INFO: [SIM-utils-54] Inspecting design source files for 'thirtyOneDayMonth_tb' in fileset 'sim_1'...
INFO: [USF-XSim-97] Finding global include files...
INFO: [USF-XSim-98] Fetching design files from 'sim_1'...
INFO: [USF-XSim-2] XSim::Compile design
INFO: [USF-XSim-61] Executing 'COMPILE and ANALYZE' step in 'C:/Users/Alexander.Sick/Vivado/ece281-lab1/thirtyoneday.sim/sim_1/behav/xsim'
"xvhdl --incr --relax -prj thirtyOneDayMonth_tb_vhdl.prj"
INFO: [VRFC 10-163] Analyzing VHDL file "C:/Users/Alexander.Sick/Vivado/ece281-lab1/src/hdl/thirtyOneDayMonth.vhd" into library xil_defaultlib
INFO: [VRFC 10-307] analyzing entity thirtyOneDayMonth
INFO: [USF-XSim-69] 'compile' step finished in '1' seconds
INFO: [USF-XSim-3] XSim::Elaborate design
INFO: [USF-XSim-61] Executing 'ELABORATE' step in 'C:/Users/Alexander.Sick/Vivado/ece281-lab1/thirtyoneday.sim/sim_1/behav/xsim'
Vivado Simulator 2018.2
Copyright 1986-1999, 2001-2018 Xilinx, Inc. All Rights Reserved.
Running: C:/Xilinx/Vivado/2018.2/bin/unwrapped/win64.o/xelab.exe -wto 18e549aa9d8242a2ab04ddd235a414bc --incr --debug typical --relax --mt 2 -L xil_defaultlib -L secureip --snapshot thirtyOneDayMonth_tb_behav xil_defaultlib.thirtyOneDayMonth_tb -log elaborate.log 
Using 2 slave threads.
Starting static elaboration
Completed static elaboration
Starting simulation data flow analysis
Completed simulation data flow analysis
Time Resolution for simulation is 1ps
Compiling package std.standard
Compiling package std.textio
Compiling package ieee.std_logic_1164
Compiling package ieee.numeric_std
Compiling architecture thirtyonedaymonth_arch of entity xil_defaultlib.thirtyOneDayMonth [thirtyonedaymonth_default]
Compiling architecture test_bench of entity xil_defaultlib.thirtyonedaymonth_tb
Built simulation snapshot thirtyOneDayMonth_tb_behav
INFO: [USF-XSim-69] 'elaborate' step finished in '1' seconds
INFO: [USF-XSim-4] XSim::Simulate design
INFO: [USF-XSim-61] Executing 'SIMULATE' step in 'C:/Users/Alexander.Sick/Vivado/ece281-lab1/thirtyoneday.sim/sim_1/behav/xsim'
INFO: [USF-XSim-98] *** Running xsim
   with args "thirtyOneDayMonth_tb_behav -key {Behavioral:sim_1:Functional:thirtyOneDayMonth_tb} -tclbatch {thirtyOneDayMonth_tb.tcl} -log {simulate.log}"
INFO: [USF-XSim-8] Loading simulator feature
Vivado Simulator 2018.2
Time resolution is 1 ps
source thirtyOneDayMonth_tb.tcl
# set curr_wave [current_wave_config]
# if { [string length $curr_wave] == 0 } {
#   if { [llength [get_objects]] > 0} {
#     add_wave /
#     set_property needs_save false [current_wave_config]
#   } else {
#      send_msg_id Add_Wave-1 WARNING "No top level signals found. Simulator will start without a wave window. If you want to open a wave window go to 'File->New Waveform Configuration' or type 'create_wave_config' in the TCL console."
#   }
# }
# run 1000ns
Stopped at time : 10 ns : File "C:/Users/Alexander.Sick/Vivado/ece281-lab1/src/hdl/thirtyOneDayMonth_tb.vhd" Line 94
INFO: [USF-XSim-96] XSim completed. Design snapshot 'thirtyOneDayMonth_tb_behav' loaded.
INFO: [USF-XSim-97] XSim simulation ran for 1000ns
close_sim
INFO: [Simtcl 6-16] Simulation closed
launch_simulation
INFO: [Vivado 12-5682] Launching behavioral simulation in 'C:/Users/Alexander.Sick/Vivado/ece281-lab1/thirtyoneday.sim/sim_1/behav/xsim'
INFO: [SIM-utils-51] Simulation object is 'sim_1'
INFO: [SIM-utils-54] Inspecting design source files for 'thirtyOneDayMonth_tb' in fileset 'sim_1'...
INFO: [USF-XSim-97] Finding global include files...
INFO: [USF-XSim-98] Fetching design files from 'sim_1'...
INFO: [USF-XSim-2] XSim::Compile design
INFO: [USF-XSim-61] Executing 'COMPILE and ANALYZE' step in 'C:/Users/Alexander.Sick/Vivado/ece281-lab1/thirtyoneday.sim/sim_1/behav/xsim'
"xvhdl --incr --relax -prj thirtyOneDayMonth_tb_vhdl.prj"
INFO: [VRFC 10-163] Analyzing VHDL file "C:/Users/Alexander.Sick/Vivado/ece281-lab1/src/hdl/thirtyOneDayMonth.vhd" into library xil_defaultlib
INFO: [VRFC 10-307] analyzing entity thirtyOneDayMonth
INFO: [VRFC 10-163] Analyzing VHDL file "C:/Users/Alexander.Sick/Vivado/ece281-lab1/src/hdl/thirtyOneDayMonth_tb.vhd" into library xil_defaultlib
INFO: [VRFC 10-307] analyzing entity thirtyOneDayMonth_tb
INFO: [USF-XSim-69] 'compile' step finished in '1' seconds
INFO: [USF-XSim-3] XSim::Elaborate design
INFO: [USF-XSim-61] Executing 'ELABORATE' step in 'C:/Users/Alexander.Sick/Vivado/ece281-lab1/thirtyoneday.sim/sim_1/behav/xsim'
Vivado Simulator 2018.2
Copyright 1986-1999, 2001-2018 Xilinx, Inc. All Rights Reserved.
Running: C:/Xilinx/Vivado/2018.2/bin/unwrapped/win64.o/xelab.exe -wto 18e549aa9d8242a2ab04ddd235a414bc --incr --debug typical --relax --mt 2 -L xil_defaultlib -L secureip --snapshot thirtyOneDayMonth_tb_behav xil_defaultlib.thirtyOneDayMonth_tb -log elaborate.log 
Using 2 slave threads.
Starting static elaboration
Completed static elaboration
Starting simulation data flow analysis
Completed simulation data flow analysis
Time Resolution for simulation is 1ps
Compiling package std.standard
Compiling package std.textio
Compiling package ieee.std_logic_1164
Compiling package ieee.numeric_std
Compiling architecture thirtyonedaymonth_arch of entity xil_defaultlib.thirtyOneDayMonth [thirtyonedaymonth_default]
Compiling architecture test_bench of entity xil_defaultlib.thirtyonedaymonth_tb
Built simulation snapshot thirtyOneDayMonth_tb_behav
INFO: [USF-XSim-69] 'elaborate' step finished in '2' seconds
INFO: [USF-XSim-4] XSim::Simulate design
INFO: [USF-XSim-61] Executing 'SIMULATE' step in 'C:/Users/Alexander.Sick/Vivado/ece281-lab1/thirtyoneday.sim/sim_1/behav/xsim'
INFO: [USF-XSim-98] *** Running xsim
   with args "thirtyOneDayMonth_tb_behav -key {Behavioral:sim_1:Functional:thirtyOneDayMonth_tb} -tclbatch {thirtyOneDayMonth_tb.tcl} -log {simulate.log}"
INFO: [USF-XSim-8] Loading simulator feature
Vivado Simulator 2018.2
Time resolution is 1 ps
source thirtyOneDayMonth_tb.tcl
# set curr_wave [current_wave_config]
# if { [string length $curr_wave] == 0 } {
#   if { [llength [get_objects]] > 0} {
#     add_wave /
#     set_property needs_save false [current_wave_config]
#   } else {
#      send_msg_id Add_Wave-1 WARNING "No top level signals found. Simulator will start without a wave window. If you want to open a wave window go to 'File->New Waveform Configuration' or type 'create_wave_config' in the TCL console."
#   }
# }
# run 1000ns
Stopped at time : 10 ns : File "C:/Users/Alexander.Sick/Vivado/ece281-lab1/src/hdl/thirtyOneDayMonth_tb.vhd" Line 94
INFO: [USF-XSim-96] XSim completed. Design snapshot 'thirtyOneDayMonth_tb_behav' loaded.
INFO: [USF-XSim-97] XSim simulation ran for 1000ns
close_sim
INFO: [Simtcl 6-16] Simulation closed
launch_simulation
INFO: [Vivado 12-5682] Launching behavioral simulation in 'C:/Users/Alexander.Sick/Vivado/ece281-lab1/thirtyoneday.sim/sim_1/behav/xsim'
INFO: [SIM-utils-51] Simulation object is 'sim_1'
INFO: [SIM-utils-54] Inspecting design source files for 'thirtyOneDayMonth_tb' in fileset 'sim_1'...
INFO: [USF-XSim-97] Finding global include files...
INFO: [USF-XSim-98] Fetching design files from 'sim_1'...
INFO: [USF-XSim-2] XSim::Compile design
INFO: [USF-XSim-61] Executing 'COMPILE and ANALYZE' step in 'C:/Users/Alexander.Sick/Vivado/ece281-lab1/thirtyoneday.sim/sim_1/behav/xsim'
"xvhdl --incr --relax -prj thirtyOneDayMonth_tb_vhdl.prj"
INFO: [VRFC 10-163] Analyzing VHDL file "C:/Users/Alexander.Sick/Vivado/ece281-lab1/src/hdl/thirtyOneDayMonth.vhd" into library xil_defaultlib
INFO: [VRFC 10-307] analyzing entity thirtyOneDayMonth
INFO: [VRFC 10-163] Analyzing VHDL file "C:/Users/Alexander.Sick/Vivado/ece281-lab1/src/hdl/thirtyOneDayMonth_tb.vhd" into library xil_defaultlib
INFO: [VRFC 10-307] analyzing entity thirtyOneDayMonth_tb
INFO: [USF-XSim-69] 'compile' step finished in '1' seconds
INFO: [USF-XSim-3] XSim::Elaborate design
INFO: [USF-XSim-61] Executing 'ELABORATE' step in 'C:/Users/Alexander.Sick/Vivado/ece281-lab1/thirtyoneday.sim/sim_1/behav/xsim'
Vivado Simulator 2018.2
Copyright 1986-1999, 2001-2018 Xilinx, Inc. All Rights Reserved.
Running: C:/Xilinx/Vivado/2018.2/bin/unwrapped/win64.o/xelab.exe -wto 18e549aa9d8242a2ab04ddd235a414bc --incr --debug typical --relax --mt 2 -L xil_defaultlib -L secureip --snapshot thirtyOneDayMonth_tb_behav xil_defaultlib.thirtyOneDayMonth_tb -log elaborate.log 
Using 2 slave threads.
Starting static elaboration
Completed static elaboration
Starting simulation data flow analysis
Completed simulation data flow analysis
Time Resolution for simulation is 1ps
Compiling package std.standard
Compiling package std.textio
Compiling package ieee.std_logic_1164
Compiling package ieee.numeric_std
Compiling architecture thirtyonedaymonth_arch of entity xil_defaultlib.thirtyOneDayMonth [thirtyonedaymonth_default]
Compiling architecture test_bench of entity xil_defaultlib.thirtyonedaymonth_tb
Built simulation snapshot thirtyOneDayMonth_tb_behav
INFO: [USF-XSim-69] 'elaborate' step finished in '2' seconds
INFO: [USF-XSim-4] XSim::Simulate design
INFO: [USF-XSim-61] Executing 'SIMULATE' step in 'C:/Users/Alexander.Sick/Vivado/ece281-lab1/thirtyoneday.sim/sim_1/behav/xsim'
INFO: [USF-XSim-98] *** Running xsim
   with args "thirtyOneDayMonth_tb_behav -key {Behavioral:sim_1:Functional:thirtyOneDayMonth_tb} -tclbatch {thirtyOneDayMonth_tb.tcl} -log {simulate.log}"
INFO: [USF-XSim-8] Loading simulator feature
Vivado Simulator 2018.2
Time resolution is 1 ps
source thirtyOneDayMonth_tb.tcl
# set curr_wave [current_wave_config]
# if { [string length $curr_wave] == 0 } {
#   if { [llength [get_objects]] > 0} {
#     add_wave /
#     set_property needs_save false [current_wave_config]
#   } else {
#      send_msg_id Add_Wave-1 WARNING "No top level signals found. Simulator will start without a wave window. If you want to open a wave window go to 'File->New Waveform Configuration' or type 'create_wave_config' in the TCL console."
#   }
# }
# run 1000ns
Stopped at time : 10 ns : File "C:/Users/Alexander.Sick/Vivado/ece281-lab1/src/hdl/thirtyOneDayMonth_tb.vhd" Line 94
INFO: [USF-XSim-96] XSim completed. Design snapshot 'thirtyOneDayMonth_tb_behav' loaded.
INFO: [USF-XSim-97] XSim simulation ran for 1000ns
launch_simulation: Time (s): cpu = 00:00:01 ; elapsed = 00:00:05 . Memory (MB): peak = 869.352 ; gain = 0.000
close_sim
INFO: [Simtcl 6-16] Simulation closed
launch_simulation
INFO: [Vivado 12-5682] Launching behavioral simulation in 'C:/Users/Alexander.Sick/Vivado/ece281-lab1/thirtyoneday.sim/sim_1/behav/xsim'
INFO: [SIM-utils-51] Simulation object is 'sim_1'
INFO: [SIM-utils-54] Inspecting design source files for 'thirtyOneDayMonth_tb' in fileset 'sim_1'...
INFO: [USF-XSim-97] Finding global include files...
INFO: [USF-XSim-98] Fetching design files from 'sim_1'...
INFO: [USF-XSim-2] XSim::Compile design
INFO: [USF-XSim-61] Executing 'COMPILE and ANALYZE' step in 'C:/Users/Alexander.Sick/Vivado/ece281-lab1/thirtyoneday.sim/sim_1/behav/xsim'
"xvhdl --incr --relax -prj thirtyOneDayMonth_tb_vhdl.prj"
INFO: [VRFC 10-163] Analyzing VHDL file "C:/Users/Alexander.Sick/Vivado/ece281-lab1/src/hdl/thirtyOneDayMonth.vhd" into library xil_defaultlib
INFO: [VRFC 10-307] analyzing entity thirtyOneDayMonth
INFO: [VRFC 10-163] Analyzing VHDL file "C:/Users/Alexander.Sick/Vivado/ece281-lab1/src/hdl/thirtyOneDayMonth_tb.vhd" into library xil_defaultlib
INFO: [VRFC 10-307] analyzing entity thirtyOneDayMonth_tb
INFO: [USF-XSim-69] 'compile' step finished in '1' seconds
INFO: [USF-XSim-3] XSim::Elaborate design
INFO: [USF-XSim-61] Executing 'ELABORATE' step in 'C:/Users/Alexander.Sick/Vivado/ece281-lab1/thirtyoneday.sim/sim_1/behav/xsim'
Vivado Simulator 2018.2
Copyright 1986-1999, 2001-2018 Xilinx, Inc. All Rights Reserved.
Running: C:/Xilinx/Vivado/2018.2/bin/unwrapped/win64.o/xelab.exe -wto 18e549aa9d8242a2ab04ddd235a414bc --incr --debug typical --relax --mt 2 -L xil_defaultlib -L secureip --snapshot thirtyOneDayMonth_tb_behav xil_defaultlib.thirtyOneDayMonth_tb -log elaborate.log 
Using 2 slave threads.
Starting static elaboration
Completed static elaboration
Starting simulation data flow analysis
Completed simulation data flow analysis
Time Resolution for simulation is 1ps
Compiling package std.standard
Compiling package std.textio
Compiling package ieee.std_logic_1164
Compiling package ieee.numeric_std
Compiling architecture thirtyonedaymonth_arch of entity xil_defaultlib.thirtyOneDayMonth [thirtyonedaymonth_default]
Compiling architecture test_bench of entity xil_defaultlib.thirtyonedaymonth_tb
Built simulation snapshot thirtyOneDayMonth_tb_behav
INFO: [USF-XSim-69] 'elaborate' step finished in '1' seconds
INFO: [USF-XSim-4] XSim::Simulate design
INFO: [USF-XSim-61] Executing 'SIMULATE' step in 'C:/Users/Alexander.Sick/Vivado/ece281-lab1/thirtyoneday.sim/sim_1/behav/xsim'
INFO: [USF-XSim-98] *** Running xsim
   with args "thirtyOneDayMonth_tb_behav -key {Behavioral:sim_1:Functional:thirtyOneDayMonth_tb} -tclbatch {thirtyOneDayMonth_tb.tcl} -log {simulate.log}"
INFO: [USF-XSim-8] Loading simulator feature
Vivado Simulator 2018.2
Time resolution is 1 ps
source thirtyOneDayMonth_tb.tcl
# set curr_wave [current_wave_config]
# if { [string length $curr_wave] == 0 } {
#   if { [llength [get_objects]] > 0} {
#     add_wave /
#     set_property needs_save false [current_wave_config]
#   } else {
#      send_msg_id Add_Wave-1 WARNING "No top level signals found. Simulator will start without a wave window. If you want to open a wave window go to 'File->New Waveform Configuration' or type 'create_wave_config' in the TCL console."
#   }
# }
# run 1000ns
Stopped at time : 10 ns : File "C:/Users/Alexander.Sick/Vivado/ece281-lab1/src/hdl/thirtyOneDayMonth_tb.vhd" Line 94
INFO: [USF-XSim-96] XSim completed. Design snapshot 'thirtyOneDayMonth_tb_behav' loaded.
INFO: [USF-XSim-97] XSim simulation ran for 1000ns
close_sim
INFO: [Simtcl 6-16] Simulation closed
launch_simulation
INFO: [Vivado 12-5682] Launching behavioral simulation in 'C:/Users/Alexander.Sick/Vivado/ece281-lab1/thirtyoneday.sim/sim_1/behav/xsim'
INFO: [SIM-utils-51] Simulation object is 'sim_1'
INFO: [SIM-utils-54] Inspecting design source files for 'thirtyOneDayMonth_tb' in fileset 'sim_1'...
INFO: [USF-XSim-97] Finding global include files...
INFO: [USF-XSim-98] Fetching design files from 'sim_1'...
INFO: [USF-XSim-2] XSim::Compile design
INFO: [USF-XSim-61] Executing 'COMPILE and ANALYZE' step in 'C:/Users/Alexander.Sick/Vivado/ece281-lab1/thirtyoneday.sim/sim_1/behav/xsim'
"xvhdl --incr --relax -prj thirtyOneDayMonth_tb_vhdl.prj"
INFO: [VRFC 10-163] Analyzing VHDL file "C:/Users/Alexander.Sick/Vivado/ece281-lab1/src/hdl/thirtyOneDayMonth_tb.vhd" into library xil_defaultlib
INFO: [VRFC 10-307] analyzing entity thirtyOneDayMonth_tb
INFO: [USF-XSim-69] 'compile' step finished in '1' seconds
INFO: [USF-XSim-3] XSim::Elaborate design
INFO: [USF-XSim-61] Executing 'ELABORATE' step in 'C:/Users/Alexander.Sick/Vivado/ece281-lab1/thirtyoneday.sim/sim_1/behav/xsim'
Vivado Simulator 2018.2
Copyright 1986-1999, 2001-2018 Xilinx, Inc. All Rights Reserved.
Running: C:/Xilinx/Vivado/2018.2/bin/unwrapped/win64.o/xelab.exe -wto 18e549aa9d8242a2ab04ddd235a414bc --incr --debug typical --relax --mt 2 -L xil_defaultlib -L secureip --snapshot thirtyOneDayMonth_tb_behav xil_defaultlib.thirtyOneDayMonth_tb -log elaborate.log 
Using 2 slave threads.
Starting static elaboration
Completed static elaboration
Starting simulation data flow analysis
Completed simulation data flow analysis
Time Resolution for simulation is 1ps
Compiling package std.standard
Compiling package std.textio
Compiling package ieee.std_logic_1164
Compiling package ieee.numeric_std
Compiling architecture thirtyonedaymonth_arch of entity xil_defaultlib.thirtyOneDayMonth [thirtyonedaymonth_default]
Compiling architecture test_bench of entity xil_defaultlib.thirtyonedaymonth_tb
Built simulation snapshot thirtyOneDayMonth_tb_behav
INFO: [USF-XSim-69] 'elaborate' step finished in '2' seconds
INFO: [USF-XSim-4] XSim::Simulate design
INFO: [USF-XSim-61] Executing 'SIMULATE' step in 'C:/Users/Alexander.Sick/Vivado/ece281-lab1/thirtyoneday.sim/sim_1/behav/xsim'
INFO: [USF-XSim-98] *** Running xsim
   with args "thirtyOneDayMonth_tb_behav -key {Behavioral:sim_1:Functional:thirtyOneDayMonth_tb} -tclbatch {thirtyOneDayMonth_tb.tcl} -log {simulate.log}"
INFO: [USF-XSim-8] Loading simulator feature
Vivado Simulator 2018.2
Time resolution is 1 ps
source thirtyOneDayMonth_tb.tcl
# set curr_wave [current_wave_config]
# if { [string length $curr_wave] == 0 } {
#   if { [llength [get_objects]] > 0} {
#     add_wave /
#     set_property needs_save false [current_wave_config]
#   } else {
#      send_msg_id Add_Wave-1 WARNING "No top level signals found. Simulator will start without a wave window. If you want to open a wave window go to 'File->New Waveform Configuration' or type 'create_wave_config' in the TCL console."
#   }
# }
# run 1000ns
Stopped at time : 10 ns : File "C:/Users/Alexander.Sick/Vivado/ece281-lab1/src/hdl/thirtyOneDayMonth_tb.vhd" Line 94
INFO: [USF-XSim-96] XSim completed. Design snapshot 'thirtyOneDayMonth_tb_behav' loaded.
INFO: [USF-XSim-97] XSim simulation ran for 1000ns
close_sim
INFO: [Simtcl 6-16] Simulation closed
launch_simulation
INFO: [Vivado 12-5682] Launching behavioral simulation in 'C:/Users/Alexander.Sick/Vivado/ece281-lab1/thirtyoneday.sim/sim_1/behav/xsim'
INFO: [SIM-utils-51] Simulation object is 'sim_1'
INFO: [SIM-utils-54] Inspecting design source files for 'thirtyOneDayMonth_tb' in fileset 'sim_1'...
INFO: [USF-XSim-97] Finding global include files...
INFO: [USF-XSim-98] Fetching design files from 'sim_1'...
INFO: [USF-XSim-2] XSim::Compile design
INFO: [USF-XSim-61] Executing 'COMPILE and ANALYZE' step in 'C:/Users/Alexander.Sick/Vivado/ece281-lab1/thirtyoneday.sim/sim_1/behav/xsim'
"xvhdl --incr --relax -prj thirtyOneDayMonth_tb_vhdl.prj"
INFO: [VRFC 10-163] Analyzing VHDL file "C:/Users/Alexander.Sick/Vivado/ece281-lab1/src/hdl/thirtyOneDayMonth.vhd" into library xil_defaultlib
INFO: [VRFC 10-307] analyzing entity thirtyOneDayMonth
INFO: [USF-XSim-69] 'compile' step finished in '1' seconds
INFO: [USF-XSim-3] XSim::Elaborate design
INFO: [USF-XSim-61] Executing 'ELABORATE' step in 'C:/Users/Alexander.Sick/Vivado/ece281-lab1/thirtyoneday.sim/sim_1/behav/xsim'
Vivado Simulator 2018.2
Copyright 1986-1999, 2001-2018 Xilinx, Inc. All Rights Reserved.
Running: C:/Xilinx/Vivado/2018.2/bin/unwrapped/win64.o/xelab.exe -wto 18e549aa9d8242a2ab04ddd235a414bc --incr --debug typical --relax --mt 2 -L xil_defaultlib -L secureip --snapshot thirtyOneDayMonth_tb_behav xil_defaultlib.thirtyOneDayMonth_tb -log elaborate.log 
Using 2 slave threads.
Starting static elaboration
Completed static elaboration
Starting simulation data flow analysis
Completed simulation data flow analysis
Time Resolution for simulation is 1ps
Compiling package std.standard
Compiling package std.textio
Compiling package ieee.std_logic_1164
Compiling package ieee.numeric_std
Compiling architecture thirtyonedaymonth_arch of entity xil_defaultlib.thirtyOneDayMonth [thirtyonedaymonth_default]
Compiling architecture test_bench of entity xil_defaultlib.thirtyonedaymonth_tb
Built simulation snapshot thirtyOneDayMonth_tb_behav
INFO: [USF-XSim-69] 'elaborate' step finished in '1' seconds
INFO: [USF-XSim-4] XSim::Simulate design
INFO: [USF-XSim-61] Executing 'SIMULATE' step in 'C:/Users/Alexander.Sick/Vivado/ece281-lab1/thirtyoneday.sim/sim_1/behav/xsim'
INFO: [USF-XSim-98] *** Running xsim
   with args "thirtyOneDayMonth_tb_behav -key {Behavioral:sim_1:Functional:thirtyOneDayMonth_tb} -tclbatch {thirtyOneDayMonth_tb.tcl} -log {simulate.log}"
INFO: [USF-XSim-8] Loading simulator feature
Vivado Simulator 2018.2
Time resolution is 1 ps
source thirtyOneDayMonth_tb.tcl
# set curr_wave [current_wave_config]
# if { [string length $curr_wave] == 0 } {
#   if { [llength [get_objects]] > 0} {
#     add_wave /
#     set_property needs_save false [current_wave_config]
#   } else {
#      send_msg_id Add_Wave-1 WARNING "No top level signals found. Simulator will start without a wave window. If you want to open a wave window go to 'File->New Waveform Configuration' or type 'create_wave_config' in the TCL console."
#   }
# }
# run 1000ns
Stopped at time : 10 ns : File "C:/Users/Alexander.Sick/Vivado/ece281-lab1/src/hdl/thirtyOneDayMonth_tb.vhd" Line 94
INFO: [USF-XSim-96] XSim completed. Design snapshot 'thirtyOneDayMonth_tb_behav' loaded.
INFO: [USF-XSim-97] XSim simulation ran for 1000ns
close_sim
INFO: [Simtcl 6-16] Simulation closed
launch_simulation
INFO: [Vivado 12-5682] Launching behavioral simulation in 'C:/Users/Alexander.Sick/Vivado/ece281-lab1/thirtyoneday.sim/sim_1/behav/xsim'
INFO: [SIM-utils-51] Simulation object is 'sim_1'
INFO: [SIM-utils-54] Inspecting design source files for 'thirtyOneDayMonth_tb' in fileset 'sim_1'...
INFO: [USF-XSim-97] Finding global include files...
INFO: [USF-XSim-98] Fetching design files from 'sim_1'...
INFO: [USF-XSim-2] XSim::Compile design
INFO: [USF-XSim-61] Executing 'COMPILE and ANALYZE' step in 'C:/Users/Alexander.Sick/Vivado/ece281-lab1/thirtyoneday.sim/sim_1/behav/xsim'
"xvhdl --incr --relax -prj thirtyOneDayMonth_tb_vhdl.prj"
INFO: [VRFC 10-163] Analyzing VHDL file "C:/Users/Alexander.Sick/Vivado/ece281-lab1/src/hdl/thirtyOneDayMonth.vhd" into library xil_defaultlib
INFO: [VRFC 10-307] analyzing entity thirtyOneDayMonth
INFO: [USF-XSim-69] 'compile' step finished in '1' seconds
INFO: [USF-XSim-3] XSim::Elaborate design
INFO: [USF-XSim-61] Executing 'ELABORATE' step in 'C:/Users/Alexander.Sick/Vivado/ece281-lab1/thirtyoneday.sim/sim_1/behav/xsim'
Vivado Simulator 2018.2
Copyright 1986-1999, 2001-2018 Xilinx, Inc. All Rights Reserved.
Running: C:/Xilinx/Vivado/2018.2/bin/unwrapped/win64.o/xelab.exe -wto 18e549aa9d8242a2ab04ddd235a414bc --incr --debug typical --relax --mt 2 -L xil_defaultlib -L secureip --snapshot thirtyOneDayMonth_tb_behav xil_defaultlib.thirtyOneDayMonth_tb -log elaborate.log 
Using 2 slave threads.
Starting static elaboration
Completed static elaboration
Starting simulation data flow analysis
Completed simulation data flow analysis
Time Resolution for simulation is 1ps
Compiling package std.standard
Compiling package std.textio
Compiling package ieee.std_logic_1164
Compiling package ieee.numeric_std
Compiling architecture thirtyonedaymonth_arch of entity xil_defaultlib.thirtyOneDayMonth [thirtyonedaymonth_default]
Compiling architecture test_bench of entity xil_defaultlib.thirtyonedaymonth_tb
Built simulation snapshot thirtyOneDayMonth_tb_behav
INFO: [USF-XSim-69] 'elaborate' step finished in '1' seconds
INFO: [USF-XSim-4] XSim::Simulate design
INFO: [USF-XSim-61] Executing 'SIMULATE' step in 'C:/Users/Alexander.Sick/Vivado/ece281-lab1/thirtyoneday.sim/sim_1/behav/xsim'
INFO: [USF-XSim-98] *** Running xsim
   with args "thirtyOneDayMonth_tb_behav -key {Behavioral:sim_1:Functional:thirtyOneDayMonth_tb} -tclbatch {thirtyOneDayMonth_tb.tcl} -log {simulate.log}"
INFO: [USF-XSim-8] Loading simulator feature
Vivado Simulator 2018.2
Time resolution is 1 ps
source thirtyOneDayMonth_tb.tcl
# set curr_wave [current_wave_config]
# if { [string length $curr_wave] == 0 } {
#   if { [llength [get_objects]] > 0} {
#     add_wave /
#     set_property needs_save false [current_wave_config]
#   } else {
#      send_msg_id Add_Wave-1 WARNING "No top level signals found. Simulator will start without a wave window. If you want to open a wave window go to 'File->New Waveform Configuration' or type 'create_wave_config' in the TCL console."
#   }
# }
# run 1000ns
Stopped at time : 10 ns : File "C:/Users/Alexander.Sick/Vivado/ece281-lab1/src/hdl/thirtyOneDayMonth_tb.vhd" Line 94
INFO: [USF-XSim-96] XSim completed. Design snapshot 'thirtyOneDayMonth_tb_behav' loaded.
INFO: [USF-XSim-97] XSim simulation ran for 1000ns
close_sim
INFO: [Simtcl 6-16] Simulation closed
launch_simulation
INFO: [Vivado 12-5682] Launching behavioral simulation in 'C:/Users/Alexander.Sick/Vivado/ece281-lab1/thirtyoneday.sim/sim_1/behav/xsim'
INFO: [SIM-utils-51] Simulation object is 'sim_1'
INFO: [SIM-utils-54] Inspecting design source files for 'thirtyOneDayMonth_tb' in fileset 'sim_1'...
INFO: [USF-XSim-97] Finding global include files...
INFO: [USF-XSim-98] Fetching design files from 'sim_1'...
INFO: [USF-XSim-2] XSim::Compile design
INFO: [USF-XSim-61] Executing 'COMPILE and ANALYZE' step in 'C:/Users/Alexander.Sick/Vivado/ece281-lab1/thirtyoneday.sim/sim_1/behav/xsim'
"xvhdl --incr --relax -prj thirtyOneDayMonth_tb_vhdl.prj"
INFO: [VRFC 10-163] Analyzing VHDL file "C:/Users/Alexander.Sick/Vivado/ece281-lab1/src/hdl/thirtyOneDayMonth_tb.vhd" into library xil_defaultlib
INFO: [VRFC 10-307] analyzing entity thirtyOneDayMonth_tb
INFO: [USF-XSim-69] 'compile' step finished in '1' seconds
INFO: [USF-XSim-3] XSim::Elaborate design
INFO: [USF-XSim-61] Executing 'ELABORATE' step in 'C:/Users/Alexander.Sick/Vivado/ece281-lab1/thirtyoneday.sim/sim_1/behav/xsim'
Vivado Simulator 2018.2
Copyright 1986-1999, 2001-2018 Xilinx, Inc. All Rights Reserved.
Running: C:/Xilinx/Vivado/2018.2/bin/unwrapped/win64.o/xelab.exe -wto 18e549aa9d8242a2ab04ddd235a414bc --incr --debug typical --relax --mt 2 -L xil_defaultlib -L secureip --snapshot thirtyOneDayMonth_tb_behav xil_defaultlib.thirtyOneDayMonth_tb -log elaborate.log 
Using 2 slave threads.
Starting static elaboration
Completed static elaboration
Starting simulation data flow analysis
Completed simulation data flow analysis
Time Resolution for simulation is 1ps
Compiling package std.standard
Compiling package std.textio
Compiling package ieee.std_logic_1164
Compiling package ieee.numeric_std
Compiling architecture thirtyonedaymonth_arch of entity xil_defaultlib.thirtyOneDayMonth [thirtyonedaymonth_default]
Compiling architecture test_bench of entity xil_defaultlib.thirtyonedaymonth_tb
Built simulation snapshot thirtyOneDayMonth_tb_behav
INFO: [USF-XSim-69] 'elaborate' step finished in '1' seconds
INFO: [USF-XSim-4] XSim::Simulate design
INFO: [USF-XSim-61] Executing 'SIMULATE' step in 'C:/Users/Alexander.Sick/Vivado/ece281-lab1/thirtyoneday.sim/sim_1/behav/xsim'
INFO: [USF-XSim-98] *** Running xsim
   with args "thirtyOneDayMonth_tb_behav -key {Behavioral:sim_1:Functional:thirtyOneDayMonth_tb} -tclbatch {thirtyOneDayMonth_tb.tcl} -log {simulate.log}"
INFO: [USF-XSim-8] Loading simulator feature
Vivado Simulator 2018.2
Time resolution is 1 ps
source thirtyOneDayMonth_tb.tcl
# set curr_wave [current_wave_config]
# if { [string length $curr_wave] == 0 } {
#   if { [llength [get_objects]] > 0} {
#     add_wave /
#     set_property needs_save false [current_wave_config]
#   } else {
#      send_msg_id Add_Wave-1 WARNING "No top level signals found. Simulator will start without a wave window. If you want to open a wave window go to 'File->New Waveform Configuration' or type 'create_wave_config' in the TCL console."
#   }
# }
# run 1000ns
Stopped at time : 10 ns : File "C:/Users/Alexander.Sick/Vivado/ece281-lab1/src/hdl/thirtyOneDayMonth_tb.vhd" Line 94
INFO: [USF-XSim-96] XSim completed. Design snapshot 'thirtyOneDayMonth_tb_behav' loaded.
INFO: [USF-XSim-97] XSim simulation ran for 1000ns
remove_bps -file {C:/Users/Alexander.Sick/Vivado/ece281-lab1/src/hdl/thirtyOneDayMonth_tb.vhd} -line 94
add_bp {C:/Users/Alexander.Sick/Vivado/ece281-lab1/src/hdl/thirtyOneDayMonth_tb.vhd} 94
remove_bps -file {C:/Users/Alexander.Sick/Vivado/ece281-lab1/src/hdl/thirtyOneDayMonth_tb.vhd} -line 95
remove_bps -file {C:/Users/Alexander.Sick/Vivado/ece281-lab1/src/hdl/thirtyOneDayMonth_tb.vhd} -line 94
add_bp {C:/Users/Alexander.Sick/Vivado/ece281-lab1/src/hdl/thirtyOneDayMonth_tb.vhd} 93
remove_bps -file {C:/Users/Alexander.Sick/Vivado/ece281-lab1/src/hdl/thirtyOneDayMonth_tb.vhd} -line 93
close_sim
INFO: [Simtcl 6-16] Simulation closed
launch_simulation
INFO: [Vivado 12-5682] Launching behavioral simulation in 'C:/Users/Alexander.Sick/Vivado/ece281-lab1/thirtyoneday.sim/sim_1/behav/xsim'
INFO: [SIM-utils-51] Simulation object is 'sim_1'
INFO: [SIM-utils-54] Inspecting design source files for 'thirtyOneDayMonth_tb' in fileset 'sim_1'...
INFO: [USF-XSim-97] Finding global include files...
INFO: [USF-XSim-98] Fetching design files from 'sim_1'...
INFO: [USF-XSim-2] XSim::Compile design
INFO: [USF-XSim-61] Executing 'COMPILE and ANALYZE' step in 'C:/Users/Alexander.Sick/Vivado/ece281-lab1/thirtyoneday.sim/sim_1/behav/xsim'
"xvhdl --incr --relax -prj thirtyOneDayMonth_tb_vhdl.prj"
INFO: [VRFC 10-163] Analyzing VHDL file "C:/Users/Alexander.Sick/Vivado/ece281-lab1/src/hdl/thirtyOneDayMonth_tb.vhd" into library xil_defaultlib
INFO: [VRFC 10-307] analyzing entity thirtyOneDayMonth_tb
INFO: [USF-XSim-69] 'compile' step finished in '2' seconds
INFO: [USF-XSim-3] XSim::Elaborate design
INFO: [USF-XSim-61] Executing 'ELABORATE' step in 'C:/Users/Alexander.Sick/Vivado/ece281-lab1/thirtyoneday.sim/sim_1/behav/xsim'
Vivado Simulator 2018.2
Copyright 1986-1999, 2001-2018 Xilinx, Inc. All Rights Reserved.
Running: C:/Xilinx/Vivado/2018.2/bin/unwrapped/win64.o/xelab.exe -wto 18e549aa9d8242a2ab04ddd235a414bc --incr --debug typical --relax --mt 2 -L xil_defaultlib -L secureip --snapshot thirtyOneDayMonth_tb_behav xil_defaultlib.thirtyOneDayMonth_tb -log elaborate.log 
Using 2 slave threads.
Starting static elaboration
Completed static elaboration
Starting simulation data flow analysis
Completed simulation data flow analysis
Time Resolution for simulation is 1ps
Compiling package std.standard
Compiling package std.textio
Compiling package ieee.std_logic_1164
Compiling package ieee.numeric_std
Compiling architecture thirtyonedaymonth_arch of entity xil_defaultlib.thirtyOneDayMonth [thirtyonedaymonth_default]
Compiling architecture test_bench of entity xil_defaultlib.thirtyonedaymonth_tb
Built simulation snapshot thirtyOneDayMonth_tb_behav
INFO: [USF-XSim-69] 'elaborate' step finished in '4' seconds
INFO: [USF-XSim-4] XSim::Simulate design
INFO: [USF-XSim-61] Executing 'SIMULATE' step in 'C:/Users/Alexander.Sick/Vivado/ece281-lab1/thirtyoneday.sim/sim_1/behav/xsim'
INFO: [USF-XSim-98] *** Running xsim
   with args "thirtyOneDayMonth_tb_behav -key {Behavioral:sim_1:Functional:thirtyOneDayMonth_tb} -tclbatch {thirtyOneDayMonth_tb.tcl} -log {simulate.log}"
INFO: [USF-XSim-8] Loading simulator feature
Vivado Simulator 2018.2
Time resolution is 1 ps
source thirtyOneDayMonth_tb.tcl
# set curr_wave [current_wave_config]
# if { [string length $curr_wave] == 0 } {
#   if { [llength [get_objects]] > 0} {
#     add_wave /
#     set_property needs_save false [current_wave_config]
#   } else {
#      send_msg_id Add_Wave-1 WARNING "No top level signals found. Simulator will start without a wave window. If you want to open a wave window go to 'File->New Waveform Configuration' or type 'create_wave_config' in the TCL console."
#   }
# }
# run 1000ns
Failure: error on Aug
Time: 90 ns  Iteration: 0  Process: /thirtyOneDayMonth_tb/test_process  File: C:/Users/Alexander.Sick/Vivado/ece281-lab1/src/hdl/thirtyOneDayMonth_tb.vhd
$finish called at time : 90 ns : File "C:/Users/Alexander.Sick/Vivado/ece281-lab1/src/hdl/thirtyOneDayMonth_tb.vhd" Line 110
INFO: [USF-XSim-96] XSim completed. Design snapshot 'thirtyOneDayMonth_tb_behav' loaded.
INFO: [USF-XSim-97] XSim simulation ran for 1000ns
launch_simulation: Time (s): cpu = 00:00:01 ; elapsed = 00:00:08 . Memory (MB): peak = 878.695 ; gain = 0.656
close_sim
INFO: [Simtcl 6-16] Simulation closed
launch_simulation
INFO: [Vivado 12-5682] Launching behavioral simulation in 'C:/Users/Alexander.Sick/Vivado/ece281-lab1/thirtyoneday.sim/sim_1/behav/xsim'
INFO: [SIM-utils-51] Simulation object is 'sim_1'
INFO: [SIM-utils-54] Inspecting design source files for 'thirtyOneDayMonth_tb' in fileset 'sim_1'...
INFO: [USF-XSim-97] Finding global include files...
INFO: [USF-XSim-98] Fetching design files from 'sim_1'...
INFO: [USF-XSim-2] XSim::Compile design
INFO: [USF-XSim-61] Executing 'COMPILE and ANALYZE' step in 'C:/Users/Alexander.Sick/Vivado/ece281-lab1/thirtyoneday.sim/sim_1/behav/xsim'
"xvhdl --incr --relax -prj thirtyOneDayMonth_tb_vhdl.prj"
INFO: [VRFC 10-163] Analyzing VHDL file "C:/Users/Alexander.Sick/Vivado/ece281-lab1/src/hdl/thirtyOneDayMonth.vhd" into library xil_defaultlib
INFO: [VRFC 10-307] analyzing entity thirtyOneDayMonth
INFO: [USF-XSim-69] 'compile' step finished in '1' seconds
INFO: [USF-XSim-3] XSim::Elaborate design
INFO: [USF-XSim-61] Executing 'ELABORATE' step in 'C:/Users/Alexander.Sick/Vivado/ece281-lab1/thirtyoneday.sim/sim_1/behav/xsim'
Vivado Simulator 2018.2
Copyright 1986-1999, 2001-2018 Xilinx, Inc. All Rights Reserved.
Running: C:/Xilinx/Vivado/2018.2/bin/unwrapped/win64.o/xelab.exe -wto 18e549aa9d8242a2ab04ddd235a414bc --incr --debug typical --relax --mt 2 -L xil_defaultlib -L secureip --snapshot thirtyOneDayMonth_tb_behav xil_defaultlib.thirtyOneDayMonth_tb -log elaborate.log 
Using 2 slave threads.
Starting static elaboration
Completed static elaboration
Starting simulation data flow analysis
Completed simulation data flow analysis
Time Resolution for simulation is 1ps
Compiling package std.standard
Compiling package std.textio
Compiling package ieee.std_logic_1164
Compiling package ieee.numeric_std
Compiling architecture thirtyonedaymonth_arch of entity xil_defaultlib.thirtyOneDayMonth [thirtyonedaymonth_default]
Compiling architecture test_bench of entity xil_defaultlib.thirtyonedaymonth_tb
Built simulation snapshot thirtyOneDayMonth_tb_behav
INFO: [USF-XSim-69] 'elaborate' step finished in '1' seconds
INFO: [USF-XSim-4] XSim::Simulate design
INFO: [USF-XSim-61] Executing 'SIMULATE' step in 'C:/Users/Alexander.Sick/Vivado/ece281-lab1/thirtyoneday.sim/sim_1/behav/xsim'
INFO: [USF-XSim-98] *** Running xsim
   with args "thirtyOneDayMonth_tb_behav -key {Behavioral:sim_1:Functional:thirtyOneDayMonth_tb} -tclbatch {thirtyOneDayMonth_tb.tcl} -log {simulate.log}"
INFO: [USF-XSim-8] Loading simulator feature
Vivado Simulator 2018.2
Time resolution is 1 ps
source thirtyOneDayMonth_tb.tcl
# set curr_wave [current_wave_config]
# if { [string length $curr_wave] == 0 } {
#   if { [llength [get_objects]] > 0} {
#     add_wave /
#     set_property needs_save false [current_wave_config]
#   } else {
#      send_msg_id Add_Wave-1 WARNING "No top level signals found. Simulator will start without a wave window. If you want to open a wave window go to 'File->New Waveform Configuration' or type 'create_wave_config' in the TCL console."
#   }
# }
# run 1000ns
INFO: [USF-XSim-96] XSim completed. Design snapshot 'thirtyOneDayMonth_tb_behav' loaded.
INFO: [USF-XSim-97] XSim simulation ran for 1000ns
synth_design -rtl -name rtl_1
Command: synth_design -rtl -name rtl_1
Starting synth_design
Using part: xc7a35tcpg236-1
Top: thirtyOneDayMonth
INFO: [Common 17-41] Interrupt caught. Command should exit soon.
INFO: [Common 17-344] 'source' was cancelled
2 Infos, 0 Warnings, 0 Critical Warnings and 0 Errors encountered.
synth_design completed successfully
INFO: [Common 17-344] 'synth_design' was cancelled
close_sim
INFO: [Simtcl 6-16] Simulation closed
open_hw
connect_hw_server
INFO: [Labtools 27-2285] Connecting to hw_server url TCP:localhost:3121
INFO: [Labtools 27-2222] Launching hw_server...
INFO: [Labtools 27-2221] Launch Output:

****** Xilinx hw_server v2018.2
  **** Build date : Jun 14 2018-20:42:52
    ** Copyright 1986-2018 Xilinx, Inc. All Rights Reserved.


connect_hw_server: Time (s): cpu = 00:00:01 ; elapsed = 00:00:05 . Memory (MB): peak = 991.105 ; gain = 0.000
open_hw_target
INFO: [Labtoolstcl 44-466] Opening hw_target localhost:3121/xilinx_tcf/Digilent/210183A4DDEDA
current_hw_device [get_hw_devices xc7a35t_0]
refresh_hw_device -update_hw_probes false [lindex [get_hw_devices xc7a35t_0] 0]
INFO: [Labtools 27-1434] Device xc7a35t (JTAG device index = 0) is programmed with a design that has no supported debug core(s) in it.
WARNING: [Labtools 27-3361] The debug hub core was not detected.
Resolution: 
1. Make sure the clock connected to the debug hub (dbg_hub) core is a free running clock and is active.
2. Make sure the BSCAN_SWITCH_USER_MASK device property in Vivado Hardware Manager reflects the user scan chain setting in the design and refresh the device.  To determine the user scan chain setting in the design, open the implemented design and use 'get_property C_USER_SCAN_CHAIN [get_debug_cores dbg_hub]'.
For more details on setting the scan chain property, consult the Vivado Debug and Programming User Guide (UG908).
launch_runs impl_1 -to_step write_bitstream -jobs 4
[Wed Feb  7 15:55:06 2024] Launched synth_1...
Run output will be captured here: C:/Users/Alexander.Sick/Vivado/ece281-lab1/thirtyoneday.runs/synth_1/runme.log
[Wed Feb  7 15:55:06 2024] Launched impl_1...
Run output will be captured here: C:/Users/Alexander.Sick/Vivado/ece281-lab1/thirtyoneday.runs/impl_1/runme.log
ERROR: [Labtoolstcl 44-513] HW Target shutdown. Closing target: localhost:3121/xilinx_tcf/Digilent/210183A4DDEDA
launch_simulation
INFO: [Vivado 12-5682] Launching behavioral simulation in 'C:/Users/Alexander.Sick/Vivado/ece281-lab1/thirtyoneday.sim/sim_1/behav/xsim'
INFO: [SIM-utils-51] Simulation object is 'sim_1'
INFO: [SIM-utils-54] Inspecting design source files for 'thirtyOneDayMonth_tb' in fileset 'sim_1'...
INFO: [USF-XSim-97] Finding global include files...
INFO: [USF-XSim-98] Fetching design files from 'sim_1'...
INFO: [USF-XSim-2] XSim::Compile design
INFO: [USF-XSim-61] Executing 'COMPILE and ANALYZE' step in 'C:/Users/Alexander.Sick/Vivado/ece281-lab1/thirtyoneday.sim/sim_1/behav/xsim'
"xvhdl --incr --relax -prj thirtyOneDayMonth_tb_vhdl.prj"
INFO: [USF-XSim-69] 'compile' step finished in '2' seconds
INFO: [USF-XSim-3] XSim::Elaborate design
INFO: [USF-XSim-61] Executing 'ELABORATE' step in 'C:/Users/Alexander.Sick/Vivado/ece281-lab1/thirtyoneday.sim/sim_1/behav/xsim'
Vivado Simulator 2018.2
Copyright 1986-1999, 2001-2018 Xilinx, Inc. All Rights Reserved.
Running: C:/Xilinx/Vivado/2018.2/bin/unwrapped/win64.o/xelab.exe -wto 18e549aa9d8242a2ab04ddd235a414bc --incr --debug typical --relax --mt 2 -L xil_defaultlib -L secureip --snapshot thirtyOneDayMonth_tb_behav xil_defaultlib.thirtyOneDayMonth_tb -log elaborate.log 
Using 2 slave threads.
Starting static elaboration
Completed static elaboration
INFO: [XSIM 43-4323] No Change in HDL. Linking previously generated obj files to create kernel
INFO: [USF-XSim-69] 'elaborate' step finished in '2' seconds
INFO: [USF-XSim-4] XSim::Simulate design
INFO: [USF-XSim-61] Executing 'SIMULATE' step in 'C:/Users/Alexander.Sick/Vivado/ece281-lab1/thirtyoneday.sim/sim_1/behav/xsim'
INFO: [USF-XSim-98] *** Running xsim
   with args "thirtyOneDayMonth_tb_behav -key {Behavioral:sim_1:Functional:thirtyOneDayMonth_tb} -tclbatch {thirtyOneDayMonth_tb.tcl} -log {simulate.log}"
INFO: [USF-XSim-8] Loading simulator feature
Vivado Simulator 2018.2
Time resolution is 1 ps
source thirtyOneDayMonth_tb.tcl
# set curr_wave [current_wave_config]
# if { [string length $curr_wave] == 0 } {
#   if { [llength [get_objects]] > 0} {
#     add_wave /
#     set_property needs_save false [current_wave_config]
#   } else {
#      send_msg_id Add_Wave-1 WARNING "No top level signals found. Simulator will start without a wave window. If you want to open a wave window go to 'File->New Waveform Configuration' or type 'create_wave_config' in the TCL console."
#   }
# }
# run 1000ns
INFO: [USF-XSim-96] XSim completed. Design snapshot 'thirtyOneDayMonth_tb_behav' loaded.
INFO: [USF-XSim-97] XSim simulation ran for 1000ns
launch_simulation: Time (s): cpu = 00:00:02 ; elapsed = 00:00:06 . Memory (MB): peak = 1675.977 ; gain = 0.000
close_sim
INFO: [Simtcl 6-16] Simulation closed
INFO: [Labtoolstcl 44-466] Opening hw_target localhost:3121/xilinx_tcf/Digilent/210183A4DDEDA
INFO: [Labtools 27-1434] Device xc7a35t (JTAG device index = 0) is programmed with a design that has no supported debug core(s) in it.
WARNING: [Labtools 27-3361] The debug hub core was not detected.
Resolution: 
1. Make sure the clock connected to the debug hub (dbg_hub) core is a free running clock and is active.
2. Make sure the BSCAN_SWITCH_USER_MASK device property in Vivado Hardware Manager reflects the user scan chain setting in the design and refresh the device.  To determine the user scan chain setting in the design, open the implemented design and use 'get_property C_USER_SCAN_CHAIN [get_debug_cores dbg_hub]'.
For more details on setting the scan chain property, consult the Vivado Debug and Programming User Guide (UG908).
WARNING: [Labtoolstcl 44-129] No matching hw_ila_data was found.
open_run impl_1
INFO: [Netlist 29-17] Analyzing 2 Unisim elements for replacement
INFO: [Netlist 29-28] Unisim Transformation completed in 0 CPU seconds
INFO: [Project 1-479] Netlist was created with Vivado 2018.2
INFO: [Device 21-403] Loading part xc7a35tcpg236-1
INFO: [Project 1-570] Preparing netlist for logic optimization
INFO: [Timing 38-478] Restoring timing data from binary archive.
INFO: [Timing 38-479] Binary timing data restore complete.
INFO: [Project 1-856] Restoring constraints from binary archive.
INFO: [Project 1-853] Binary constraint restore complete.
Reading XDEF placement.
Reading placer database...
Reading XDEF routing.
Read XDEF File: Time (s): cpu = 00:00:00 ; elapsed = 00:00:00.036 . Memory (MB): peak = 2487.578 ; gain = 0.000
Restored from archive | CPU: 0.000000 secs | Memory: 0.000000 MB |
Finished XDEF File Restore: Time (s): cpu = 00:00:00 ; elapsed = 00:00:00.037 . Memory (MB): peak = 2487.578 ; gain = 0.000
INFO: [Project 1-111] Unisim Transformation Summary:
No Unisim elements were transformed.

open_run: Time (s): cpu = 00:00:23 ; elapsed = 00:00:27 . Memory (MB): peak = 2547.816 ; gain = 853.066
WARNING: [Timing 38-313] There are no user specified timing constraints. Timing constraints are needed for proper timing analysis.
set_property PROBES.FILE {} [get_hw_devices xc7a35t_0]
set_property FULL_PROBES.FILE {} [get_hw_devices xc7a35t_0]
set_property PROGRAM.FILE {C:/Users/Alexander.Sick/Vivado/ece281-lab1/thirtyoneday.runs/impl_1/thirtyOneDayMonth.bit} [get_hw_devices xc7a35t_0]
program_hw_devices [get_hw_devices xc7a35t_0]
INFO: [Labtools 27-3164] End of startup status: HIGH
refresh_hw_device [lindex [get_hw_devices xc7a35t_0] 0]
INFO: [Labtools 27-1434] Device xc7a35t (JTAG device index = 0) is programmed with a design that has no supported debug core(s) in it.
WARNING: [Labtools 27-3361] The debug hub core was not detected.
Resolution: 
1. Make sure the clock connected to the debug hub (dbg_hub) core is a free running clock and is active.
2. Make sure the BSCAN_SWITCH_USER_MASK device property in Vivado Hardware Manager reflects the user scan chain setting in the design and refresh the device.  To determine the user scan chain setting in the design, open the implemented design and use 'get_property C_USER_SCAN_CHAIN [get_debug_cores dbg_hub]'.
For more details on setting the scan chain property, consult the Vivado Debug and Programming User Guide (UG908).
ERROR: [Labtoolstcl 44-513] HW Target shutdown. Closing target: localhost:3121/xilinx_tcf/Digilent/210183A4DDEDA
INFO: [Labtoolstcl 44-466] Opening hw_target localhost:3121/xilinx_tcf/Digilent/210183A4DDEDA
INFO: [Labtools 27-1434] Device xc7a35t (JTAG device index = 0) is programmed with a design that has no supported debug core(s) in it.
WARNING: [Labtools 27-3361] The debug hub core was not detected.
Resolution: 
1. Make sure the clock connected to the debug hub (dbg_hub) core is a free running clock and is active.
2. Make sure the BSCAN_SWITCH_USER_MASK device property in Vivado Hardware Manager reflects the user scan chain setting in the design and refresh the device.  To determine the user scan chain setting in the design, open the implemented design and use 'get_property C_USER_SCAN_CHAIN [get_debug_cores dbg_hub]'.
For more details on setting the scan chain property, consult the Vivado Debug and Programming User Guide (UG908).
WARNING: [Labtoolstcl 44-129] No matching hw_ila_data was found.
set_property PROBES.FILE {} [get_hw_devices xc7a35t_0]
set_property FULL_PROBES.FILE {} [get_hw_devices xc7a35t_0]
set_property PROGRAM.FILE {C:/Users/Alexander.Sick/Vivado/ece281-lab1/thirtyoneday.runs/impl_1/thirtyOneDayMonth.bit} [get_hw_devices xc7a35t_0]
program_hw_devices [get_hw_devices xc7a35t_0]
INFO: [Labtools 27-3164] End of startup status: HIGH
refresh_hw_device [lindex [get_hw_devices xc7a35t_0] 0]
INFO: [Labtools 27-1434] Device xc7a35t (JTAG device index = 0) is programmed with a design that has no supported debug core(s) in it.
WARNING: [Labtools 27-3361] The debug hub core was not detected.
Resolution: 
1. Make sure the clock connected to the debug hub (dbg_hub) core is a free running clock and is active.
2. Make sure the BSCAN_SWITCH_USER_MASK device property in Vivado Hardware Manager reflects the user scan chain setting in the design and refresh the device.  To determine the user scan chain setting in the design, open the implemented design and use 'get_property C_USER_SCAN_CHAIN [get_debug_cores dbg_hub]'.
For more details on setting the scan chain property, consult the Vivado Debug and Programming User Guide (UG908).
ERROR: [Labtoolstcl 44-513] HW Target shutdown. Closing target: localhost:3121/xilinx_tcf/Digilent/210183A4DDEDA
exit
INFO: [Common 17-206] Exiting Vivado at Wed Feb  7 16:40:51 2024...
